[debug] [2022-12-11T11:02:22.409Z] ----------------------------------------------------------------------
[debug] [2022-12-11T11:02:22.412Z] Command:       C:\Program Files\nodejs\node.exe C:\Users\melaku\AppData\Roaming\npm\node_modules\firebase-tools\lib\bin\firebase.js init
[debug] [2022-12-11T11:02:22.413Z] CLI Version:   11.17.0
[debug] [2022-12-11T11:02:22.414Z] Platform:      win32
[debug] [2022-12-11T11:02:22.414Z] Node Version:  v18.12.1
[debug] [2022-12-11T11:02:22.416Z] Time:          Sun Dec 11 2022 14:02:22 GMT+0300 (East Africa Time)
[debug] [2022-12-11T11:02:22.416Z] ----------------------------------------------------------------------
[debug] 
[debug] [2022-12-11T11:02:22.423Z] >>> [apiv2][query] GET https://firebase-public.firebaseio.com/cli.json [none]
[debug] [2022-12-11T11:02:22.517Z] > command requires scopes: ["email","openid","https://www.googleapis.com/auth/cloudplatformprojects.readonly","https://www.googleapis.com/auth/firebase","https://www.googleapis.com/auth/cloud-platform"]
[debug] [2022-12-11T11:02:22.517Z] > authorizing via signed-in user (melakuabebe495@gmail.com)
[info] 
     ######## #### ########  ######## ########     ###     ######  ########
     ##        ##  ##     ## ##       ##     ##  ##   ##  ##       ##
     ######    ##  ########  ######   ########  #########  ######  ######
     ##        ##  ##    ##  ##       ##     ## ##     ##       ## ##
     ##       #### ##     ## ######## ########  ##     ##  ######  ########

You're about to initialize a Firebase project in this directory:

  C:\Users\melaku\Documents\react js\tasks

[warn] !  Unable to fetch the CLI MOTD and remote config. 
[debug] [2022-12-11T11:02:32.920Z] Failed to fetch MOTD FirebaseError: Failed to make request to https://firebase-public.firebaseio.com/cli.json
[debug] [2022-12-11T11:03:51.519Z] Error: Timed out.
    at Timeout._onTimeout (C:\Users\melaku\AppData\Roaming\npm\node_modules\firebase-tools\lib\utils.js:253:49)
    at listOnTimeout (node:internal/timers:564:17)
    at process.processTimers (node:internal/timers:507:7)
[error] 
[error] Error: An unexpected error has occurred.
[debug] [2022-12-11T11:04:01.516Z] ----------------------------------------------------------------------
[debug] [2022-12-11T11:04:01.520Z] Command:       C:\Program Files\nodejs\node.exe C:\Users\melaku\AppData\Roaming\npm\node_modules\firebase-tools\lib\bin\firebase.js init
[debug] [2022-12-11T11:04:01.520Z] CLI Version:   11.17.0
[debug] [2022-12-11T11:04:01.521Z] Platform:      win32
[debug] [2022-12-11T11:04:01.521Z] Node Version:  v18.12.1
[debug] [2022-12-11T11:04:01.523Z] Time:          Sun Dec 11 2022 14:04:01 GMT+0300 (East Africa Time)
[debug] [2022-12-11T11:04:01.523Z] ----------------------------------------------------------------------
[debug] 
[debug] [2022-12-11T11:04:01.529Z] >>> [apiv2][query] GET https://firebase-public.firebaseio.com/cli.json [none]
[debug] [2022-12-11T11:04:01.581Z] > command requires scopes: ["email","openid","https://www.googleapis.com/auth/cloudplatformprojects.readonly","https://www.googleapis.com/auth/firebase","https://www.googleapis.com/auth/cloud-platform"]
[debug] [2022-12-11T11:04:01.581Z] > authorizing via signed-in user (melakuabebe495@gmail.com)
[info] 
     ######## #### ########  ######## ########     ###     ######  ########
     ##        ##  ##     ## ##       ##     ##  ##   ##  ##       ##
     ######    ##  ########  ######   ########  #########  ######  ######
     ##        ##  ##    ##  ##       ##     ## ##     ##       ## ##
     ##       #### ##     ## ######## ########  ##     ##  ######  ########

You're about to initialize a Firebase project in this directory:

  C:\Users\melaku\Documents\react js\tasks

[warn] !  Unable to fetch the CLI MOTD and remote config. 
[debug] [2022-12-11T11:04:13.030Z] Failed to fetch MOTD FirebaseError: Failed to make request to https://firebase-public.firebaseio.com/cli.json
[info] 
=== Project Setup
[info] 
[info] First, let's associate this project directory with a Firebase project.
[info] You can create multiple project aliases by running firebase use --add, 
[info] but for now we'll just set up a default project.
[info] 
[debug] [2022-12-11T11:05:27.730Z] > refreshing access token with scopes: []
[debug] [2022-12-11T11:05:27.732Z] >>> [apiv2][query] POST https://www.googleapis.com/oauth2/v3/token [none]
[debug] [2022-12-11T11:05:27.732Z] >>> [apiv2][body] POST https://www.googleapis.com/oauth2/v3/token [omitted]
[debug] [2022-12-11T11:05:28.289Z] <<< [apiv2][status] POST https://www.googleapis.com/oauth2/v3/token 200
[debug] [2022-12-11T11:05:28.289Z] <<< [apiv2][body] POST https://www.googleapis.com/oauth2/v3/token [omitted]
[debug] [2022-12-11T11:05:28.309Z] >>> [apiv2][query] GET https://firebase.googleapis.com/v1beta1/projects pageSize=100
[debug] [2022-12-11T11:05:29.600Z] <<< [apiv2][status] GET https://firebase.googleapis.com/v1beta1/projects 200
[debug] [2022-12-11T11:05:29.600Z] <<< [apiv2][body] GET https://firebase.googleapis.com/v1beta1/projects [omitted]
[info] i  Using project melak-project (melak-project) 
[info] 
=== Hosting Setup
[info] 
[info] Your public directory is the folder (relative to your project directory) that
[info] will contain Hosting assets to be uploaded with firebase deploy. If you
[info] have a build process for your assets, use your build's output directory.
[info] 
[debug] [2022-12-11T11:08:12.688Z] ----------------------------------------------------------------------
[debug] [2022-12-11T11:08:12.690Z] Command:       C:\Program Files\nodejs\node.exe C:\Users\melaku\AppData\Roaming\npm\node_modules\firebase-tools\lib\bin\firebase.js init
[debug] [2022-12-11T11:08:12.691Z] CLI Version:   11.17.0
[debug] [2022-12-11T11:08:12.691Z] Platform:      win32
[debug] [2022-12-11T11:08:12.691Z] Node Version:  v18.12.1
[debug] [2022-12-11T11:08:12.692Z] Time:          Sun Dec 11 2022 14:08:12 GMT+0300 (East Africa Time)
[debug] [2022-12-11T11:08:12.693Z] ----------------------------------------------------------------------
[debug] 
[debug] [2022-12-11T11:08:12.696Z] >>> [apiv2][query] GET https://firebase-public.firebaseio.com/cli.json [none]
[debug] [2022-12-11T11:08:12.744Z] > command requires scopes: ["email","openid","https://www.googleapis.com/auth/cloudplatformprojects.readonly","https://www.googleapis.com/auth/firebase","https://www.googleapis.com/auth/cloud-platform"]
[debug] [2022-12-11T11:08:12.744Z] > authorizing via signed-in user (melakuabebe495@gmail.com)
[info] 
     ######## #### ########  ######## ########     ###     ######  ########
     ##        ##  ##     ## ##       ##     ##  ##   ##  ##       ##
     ######    ##  ########  ######   ########  #########  ######  ######
     ##        ##  ##    ##  ##       ##     ## ##     ##       ## ##
     ##       #### ##     ## ######## ########  ##     ##  ######  ########

You're about to initialize a Firebase project in this directory:

  C:\Users\melaku\Documents\react js\tasks

[debug] [2022-12-11T11:08:14.517Z] <<< [apiv2][status] GET https://firebase-public.firebaseio.com/cli.json 200
[debug] [2022-12-11T11:08:14.517Z] <<< [apiv2][body] GET https://firebase-public.firebaseio.com/cli.json {"cloudBuildErrorAfter":1594252800000,"cloudBuildWarnAfter":1590019200000,"defaultNode10After":1594252800000,"minVersion":"3.0.5","node8DeploysDisabledAfter":1613390400000,"node8RuntimeDisabledAfter":1615809600000,"node8WarnAfter":1600128000000}
[info] 
=== Project Setup
[info] 
[info] First, let's associate this project directory with a Firebase project.
[info] You can create multiple project aliases by running firebase use --add, 
[info] but for now we'll just set up a default project.
[info] 
[debug] [2022-12-11T11:08:29.278Z] >>> [apiv2][query] GET https://firebase.googleapis.com/v1beta1/projects pageSize=100
[debug] [2022-12-11T11:08:30.545Z] <<< [apiv2][status] GET https://firebase.googleapis.com/v1beta1/projects 200
[debug] [2022-12-11T11:08:30.545Z] <<< [apiv2][body] GET https://firebase.googleapis.com/v1beta1/projects [omitted]
[info] i  Using project melak-project (melak-project) 
[info] 
=== Hosting Setup
[info] 
[info] Your public directory is the folder (relative to your project directory) that
[info] will contain Hosting assets to be uploaded with firebase deploy. If you
[info] have a build process for your assets, use your build's output directory.
[info] 
[debug] [2022-12-11T11:08:50.432Z] >>> [apiv2][query] GET https://www.gstatic.com/firebasejs/releases.json [none]
[debug] [2022-12-11T11:08:51.019Z] <<< [apiv2][status] GET https://www.gstatic.com/firebasejs/releases.json 200
[debug] [2022-12-11T11:08:51.019Z] <<< [apiv2][body] GET https://www.gstatic.com/firebasejs/releases.json {"current":{"version":"9.15.0","browserURL":"https://www.gstatic.com/firebasejs/9.15.0/firebase.js","packageURL":"https://www.gstatic.com/firebasejs/9.15.0/firebase.tgz"},"live":{"version":"9.15","browserURL":"https://www.gstatic.com/firebasejs/live/9.15/firebase.js","packageURL":"https://www.gstatic.com/firebasejs/live/9.15/firebase.tgz"},"components":{"analytics":"https://www.gstatic.com/firebasejs/9.15.0/firebase-analytics.js","app":"https://www.gstatic.com/firebasejs/9.15.0/firebase-app.js","app-check":"https://www.gstatic.com/firebasejs/9.15.0/firebase-app-check.js","auth":"https://www.gstatic.com/firebasejs/9.15.0/firebase-auth.js","auth/cordova":"https://www.gstatic.com/firebasejs/9.15.0/firebase-auth/cordova.js","auth/react-native":"https://www.gstatic.com/firebasejs/9.15.0/firebase-auth/react-native.js","functions":"https://www.gstatic.com/firebasejs/9.15.0/firebase-functions.js","firestore":"https://www.gstatic.com/firebasejs/9.15.0/firebase-firestore.js","firestore/lite":"https://www.gstatic.com/firebasejs/9.15.0/firebase-firestore/lite.js","installations":"https://www.gstatic.com/firebasejs/9.15.0/firebase-installations.js","storage":"https://www.gstatic.com/firebasejs/9.15.0/firebase-storage.js","performance":"https://www.gstatic.com/firebasejs/9.15.0/firebase-performance.js","remote-config":"https://www.gstatic.com/firebasejs/9.15.0/firebase-remote-config.js","messaging":"https://www.gstatic.com/firebasejs/9.15.0/firebase-messaging.js","messaging/sw":"https://www.gstatic.com/firebasejs/9.15.0/firebase-messaging/sw.js","database":"https://www.gstatic.com/firebasejs/9.15.0/firebase-database.js","firestore.memory":"https://www.gstatic.com/firebasejs/9.15.0/firebase-firestore.memory.js"}}
[info] i  Skipping write of build/index.html 
[info] 
[info] i  Writing configuration info to firebase.json... 
[info] i  Writing project information to .firebaserc... 
[info] 
[info] +  Firebase initialization complete! 
[debug] [2022-12-11T11:09:04.586Z] Error: Timed out.
    at Timeout._onTimeout (C:\Users\melaku\AppData\Roaming\npm\node_modules\firebase-tools\lib\utils.js:253:49)
    at listOnTimeout (node:internal/timers:564:17)
    at process.processTimers (node:internal/timers:507:7)
[error] 
[error] Error: An unexpected error has occurred.
[debug] [2022-12-11T11:10:57.678Z] ----------------------------------------------------------------------
[debug] [2022-12-11T11:10:57.680Z] Command:       C:\Program Files\nodejs\node.exe C:\Users\melaku\AppData\Roaming\npm\node_modules\firebase-tools\lib\bin\firebase.js deploy
[debug] [2022-12-11T11:10:57.681Z] CLI Version:   11.17.0
[debug] [2022-12-11T11:10:57.681Z] Platform:      win32
[debug] [2022-12-11T11:10:57.681Z] Node Version:  v18.12.1
[debug] [2022-12-11T11:10:57.687Z] Time:          Sun Dec 11 2022 14:10:57 GMT+0300 (East Africa Time)
[debug] [2022-12-11T11:10:57.689Z] ----------------------------------------------------------------------
[debug] 
[debug] [2022-12-11T11:10:57.786Z] > command requires scopes: ["email","openid","https://www.googleapis.com/auth/cloudplatformprojects.readonly","https://www.googleapis.com/auth/firebase","https://www.googleapis.com/auth/cloud-platform"]
[debug] [2022-12-11T11:10:57.789Z] > authorizing via signed-in user (melakuabebe495@gmail.com)
[debug] [2022-12-11T11:10:57.790Z] [iam] checking project melak-project for permissions ["firebase.projects.get","firebasehosting.sites.update"]
[debug] [2022-12-11T11:10:57.794Z] >>> [apiv2][query] POST https://cloudresourcemanager.googleapis.com/v1/projects/melak-project:testIamPermissions [none]
[debug] [2022-12-11T11:10:57.794Z] >>> [apiv2][(partial)header] POST https://cloudresourcemanager.googleapis.com/v1/projects/melak-project:testIamPermissions x-goog-quota-user=projects/melak-project
[debug] [2022-12-11T11:10:57.794Z] >>> [apiv2][body] POST https://cloudresourcemanager.googleapis.com/v1/projects/melak-project:testIamPermissions {"permissions":["firebase.projects.get","firebasehosting.sites.update"]}
[debug] [2022-12-11T11:11:00.206Z] <<< [apiv2][status] POST https://cloudresourcemanager.googleapis.com/v1/projects/melak-project:testIamPermissions 200
[debug] [2022-12-11T11:11:00.207Z] <<< [apiv2][body] POST https://cloudresourcemanager.googleapis.com/v1/projects/melak-project:testIamPermissions {"permissions":["firebase.projects.get","firebasehosting.sites.update"]}
[debug] [2022-12-11T11:11:00.210Z] >>> [apiv2][query] GET https://firebase.googleapis.com/v1beta1/projects/melak-project [none]
[debug] [2022-12-11T11:11:12.921Z] Failed to make request to https://firebase.googleapis.com/v1beta1/projects/melak-project
[debug] [2022-12-11T11:11:17.955Z] Error: Timed out.
    at Timeout._onTimeout (C:\Users\melaku\AppData\Roaming\npm\node_modules\firebase-tools\lib\utils.js:253:49)
    at listOnTimeout (node:internal/timers:564:17)
    at process.processTimers (node:internal/timers:507:7)
[error] 
[error] Error: An unexpected error has occurred.
[debug] [2022-12-11T11:11:31.408Z] ----------------------------------------------------------------------
[debug] [2022-12-11T11:11:31.410Z] Command:       C:\Program Files\nodejs\node.exe C:\Users\melaku\AppData\Roaming\npm\node_modules\firebase-tools\lib\bin\firebase.js deploy
[debug] [2022-12-11T11:11:31.411Z] CLI Version:   11.17.0
[debug] [2022-12-11T11:11:31.411Z] Platform:      win32
[debug] [2022-12-11T11:11:31.411Z] Node Version:  v18.12.1
[debug] [2022-12-11T11:11:31.412Z] Time:          Sun Dec 11 2022 14:11:31 GMT+0300 (East Africa Time)
[debug] [2022-12-11T11:11:31.413Z] ----------------------------------------------------------------------
[debug] 
[debug] [2022-12-11T11:11:31.488Z] > command requires scopes: ["email","openid","https://www.googleapis.com/auth/cloudplatformprojects.readonly","https://www.googleapis.com/auth/firebase","https://www.googleapis.com/auth/cloud-platform"]
[debug] [2022-12-11T11:11:31.488Z] > authorizing via signed-in user (melakuabebe495@gmail.com)
[debug] [2022-12-11T11:11:31.488Z] [iam] checking project melak-project for permissions ["firebase.projects.get","firebasehosting.sites.update"]
[debug] [2022-12-11T11:11:31.491Z] >>> [apiv2][query] POST https://cloudresourcemanager.googleapis.com/v1/projects/melak-project:testIamPermissions [none]
[debug] [2022-12-11T11:11:31.491Z] >>> [apiv2][(partial)header] POST https://cloudresourcemanager.googleapis.com/v1/projects/melak-project:testIamPermissions x-goog-quota-user=projects/melak-project
[debug] [2022-12-11T11:11:31.491Z] >>> [apiv2][body] POST https://cloudresourcemanager.googleapis.com/v1/projects/melak-project:testIamPermissions {"permissions":["firebase.projects.get","firebasehosting.sites.update"]}
[debug] [2022-12-11T11:11:33.068Z] <<< [apiv2][status] POST https://cloudresourcemanager.googleapis.com/v1/projects/melak-project:testIamPermissions 200
[debug] [2022-12-11T11:11:33.068Z] <<< [apiv2][body] POST https://cloudresourcemanager.googleapis.com/v1/projects/melak-project:testIamPermissions {"permissions":["firebase.projects.get","firebasehosting.sites.update"]}
[debug] [2022-12-11T11:11:33.069Z] >>> [apiv2][query] GET https://firebase.googleapis.com/v1beta1/projects/melak-project [none]
[debug] [2022-12-11T11:11:53.012Z] Failed to make request to https://firebase.googleapis.com/v1beta1/projects/melak-project
[debug] [2022-12-11T11:11:58.025Z] Error: Timed out.
    at Timeout._onTimeout (C:\Users\melaku\AppData\Roaming\npm\node_modules\firebase-tools\lib\utils.js:253:49)
    at listOnTimeout (node:internal/timers:564:17)
    at process.processTimers (node:internal/timers:507:7)
[error] 
[error] Error: An unexpected error has occurred.
[debug] [2022-12-11T11:12:12.443Z] ----------------------------------------------------------------------
[debug] [2022-12-11T11:12:12.444Z] Command:       C:\Program Files\nodejs\node.exe C:\Users\melaku\AppData\Roaming\npm\node_modules\firebase-tools\lib\bin\firebase.js deploy
[debug] [2022-12-11T11:12:12.445Z] CLI Version:   11.17.0
[debug] [2022-12-11T11:12:12.445Z] Platform:      win32
[debug] [2022-12-11T11:12:12.445Z] Node Version:  v18.12.1
[debug] [2022-12-11T11:12:12.447Z] Time:          Sun Dec 11 2022 14:12:12 GMT+0300 (East Africa Time)
[debug] [2022-12-11T11:12:12.447Z] ----------------------------------------------------------------------
[debug] 
[debug] [2022-12-11T11:12:12.530Z] > command requires scopes: ["email","openid","https://www.googleapis.com/auth/cloudplatformprojects.readonly","https://www.googleapis.com/auth/firebase","https://www.googleapis.com/auth/cloud-platform"]
[debug] [2022-12-11T11:12:12.530Z] > authorizing via signed-in user (melakuabebe495@gmail.com)
[debug] [2022-12-11T11:12:12.530Z] [iam] checking project melak-project for permissions ["firebase.projects.get","firebasehosting.sites.update"]
[debug] [2022-12-11T11:12:12.533Z] >>> [apiv2][query] POST https://cloudresourcemanager.googleapis.com/v1/projects/melak-project:testIamPermissions [none]
[debug] [2022-12-11T11:12:12.534Z] >>> [apiv2][(partial)header] POST https://cloudresourcemanager.googleapis.com/v1/projects/melak-project:testIamPermissions x-goog-quota-user=projects/melak-project
[debug] [2022-12-11T11:12:12.534Z] >>> [apiv2][body] POST https://cloudresourcemanager.googleapis.com/v1/projects/melak-project:testIamPermissions {"permissions":["firebase.projects.get","firebasehosting.sites.update"]}
[debug] [2022-12-11T11:12:14.146Z] <<< [apiv2][status] POST https://cloudresourcemanager.googleapis.com/v1/projects/melak-project:testIamPermissions 200
[debug] [2022-12-11T11:12:14.146Z] <<< [apiv2][body] POST https://cloudresourcemanager.googleapis.com/v1/projects/melak-project:testIamPermissions {"permissions":["firebase.projects.get","firebasehosting.sites.update"]}
[debug] [2022-12-11T11:12:14.147Z] >>> [apiv2][query] GET https://firebase.googleapis.com/v1beta1/projects/melak-project [none]
[debug] [2022-12-11T11:12:32.923Z] Failed to make request to https://firebase.googleapis.com/v1beta1/projects/melak-project
[debug] [2022-12-11T11:12:37.947Z] Error: Timed out.
    at Timeout._onTimeout (C:\Users\melaku\AppData\Roaming\npm\node_modules\firebase-tools\lib\utils.js:253:49)
    at listOnTimeout (node:internal/timers:564:17)
    at process.processTimers (node:internal/timers:507:7)
[error] 
[error] Error: An unexpected error has occurred.
[debug] [2022-12-11T11:13:57.171Z] ----------------------------------------------------------------------
[debug] [2022-12-11T11:13:57.174Z] Command:       C:\Program Files\nodejs\node.exe C:\Users\melaku\AppData\Roaming\npm\node_modules\firebase-tools\lib\bin\firebase.js deploy
[debug] [2022-12-11T11:13:57.174Z] CLI Version:   11.17.0
[debug] [2022-12-11T11:13:57.175Z] Platform:      win32
[debug] [2022-12-11T11:13:57.175Z] Node Version:  v18.12.1
[debug] [2022-12-11T11:13:57.200Z] Time:          Sun Dec 11 2022 14:13:57 GMT+0300 (East Africa Time)
[debug] [2022-12-11T11:13:57.200Z] ----------------------------------------------------------------------
[debug] 
[debug] [2022-12-11T11:13:57.274Z] > command requires scopes: ["email","openid","https://www.googleapis.com/auth/cloudplatformprojects.readonly","https://www.googleapis.com/auth/firebase","https://www.googleapis.com/auth/cloud-platform"]
[debug] [2022-12-11T11:13:57.275Z] > authorizing via signed-in user (melakuabebe495@gmail.com)
[debug] [2022-12-11T11:13:57.275Z] [iam] checking project melak-project for permissions ["firebase.projects.get","firebasehosting.sites.update"]
[debug] [2022-12-11T11:13:57.280Z] >>> [apiv2][query] POST https://cloudresourcemanager.googleapis.com/v1/projects/melak-project:testIamPermissions [none]
[debug] [2022-12-11T11:13:57.280Z] >>> [apiv2][(partial)header] POST https://cloudresourcemanager.googleapis.com/v1/projects/melak-project:testIamPermissions x-goog-quota-user=projects/melak-project
[debug] [2022-12-11T11:13:57.281Z] >>> [apiv2][body] POST https://cloudresourcemanager.googleapis.com/v1/projects/melak-project:testIamPermissions {"permissions":["firebase.projects.get","firebasehosting.sites.update"]}
[debug] [2022-12-11T11:13:58.954Z] <<< [apiv2][status] POST https://cloudresourcemanager.googleapis.com/v1/projects/melak-project:testIamPermissions 200
[debug] [2022-12-11T11:13:58.954Z] <<< [apiv2][body] POST https://cloudresourcemanager.googleapis.com/v1/projects/melak-project:testIamPermissions {"permissions":["firebase.projects.get","firebasehosting.sites.update"]}
[debug] [2022-12-11T11:13:58.955Z] >>> [apiv2][query] GET https://firebase.googleapis.com/v1beta1/projects/melak-project [none]
[debug] [2022-12-11T11:14:12.944Z] Failed to make request to https://firebase.googleapis.com/v1beta1/projects/melak-project
[debug] [2022-12-11T11:14:17.959Z] Error: Timed out.
    at Timeout._onTimeout (C:\Users\melaku\AppData\Roaming\npm\node_modules\firebase-tools\lib\utils.js:253:49)
    at listOnTimeout (node:internal/timers:564:17)
    at process.processTimers (node:internal/timers:507:7)
[error] 
[error] Error: An unexpected error has occurred.
[debug] [2022-12-11T11:15:30.225Z] ----------------------------------------------------------------------
[debug] [2022-12-11T11:15:30.229Z] Command:       C:\Program Files\nodejs\node.exe C:\Users\melaku\AppData\Roaming\npm\node_modules\firebase-tools\lib\bin\firebase.js deploy
[debug] [2022-12-11T11:15:30.230Z] CLI Version:   11.17.0
[debug] [2022-12-11T11:15:30.231Z] Platform:      win32
[debug] [2022-12-11T11:15:30.231Z] Node Version:  v18.12.1
[debug] [2022-12-11T11:15:30.233Z] Time:          Sun Dec 11 2022 14:15:30 GMT+0300 (East Africa Time)
[debug] [2022-12-11T11:15:30.233Z] ----------------------------------------------------------------------
[debug] 
[debug] [2022-12-11T11:15:30.315Z] > command requires scopes: ["email","openid","https://www.googleapis.com/auth/cloudplatformprojects.readonly","https://www.googleapis.com/auth/firebase","https://www.googleapis.com/auth/cloud-platform"]
[debug] [2022-12-11T11:15:30.316Z] > authorizing via signed-in user (melakuabebe495@gmail.com)
[debug] [2022-12-11T11:15:30.316Z] [iam] checking project melak-project for permissions ["firebase.projects.get","firebasehosting.sites.update"]
[debug] [2022-12-11T11:15:30.319Z] >>> [apiv2][query] POST https://cloudresourcemanager.googleapis.com/v1/projects/melak-project:testIamPermissions [none]
[debug] [2022-12-11T11:15:30.319Z] >>> [apiv2][(partial)header] POST https://cloudresourcemanager.googleapis.com/v1/projects/melak-project:testIamPermissions x-goog-quota-user=projects/melak-project
[debug] [2022-12-11T11:15:30.319Z] >>> [apiv2][body] POST https://cloudresourcemanager.googleapis.com/v1/projects/melak-project:testIamPermissions {"permissions":["firebase.projects.get","firebasehosting.sites.update"]}
[debug] [2022-12-11T11:15:32.363Z] <<< [apiv2][status] POST https://cloudresourcemanager.googleapis.com/v1/projects/melak-project:testIamPermissions 200
[debug] [2022-12-11T11:15:32.364Z] <<< [apiv2][body] POST https://cloudresourcemanager.googleapis.com/v1/projects/melak-project:testIamPermissions {"permissions":["firebase.projects.get","firebasehosting.sites.update"]}
[debug] [2022-12-11T11:15:32.367Z] >>> [apiv2][query] GET https://firebase.googleapis.com/v1beta1/projects/melak-project [none]
[debug] [2022-12-11T11:15:33.052Z] <<< [apiv2][status] GET https://firebase.googleapis.com/v1beta1/projects/melak-project 200
[debug] [2022-12-11T11:15:33.053Z] <<< [apiv2][body] GET https://firebase.googleapis.com/v1beta1/projects/melak-project {"projectId":"melak-project","projectNumber":"194108084647","displayName":"melak-project","name":"projects/melak-project","resources":{"hostingSite":"melak-project"},"state":"ACTIVE","etag":"1_f9422fbe-c1ff-41fc-bdc3-14732f5a75d5"}
[info] 
[info] === Deploying to 'melak-project'...
[info] 
[info] i  deploying hosting 
[debug] [2022-12-11T11:15:33.077Z] >>> [apiv2][query] POST https://firebasehosting.googleapis.com/v1beta1/projects/-/sites/melak-project/versions [none]
[debug] [2022-12-11T11:15:33.077Z] >>> [apiv2][body] POST https://firebasehosting.googleapis.com/v1beta1/projects/-/sites/melak-project/versions {"status":"CREATED","labels":{"deployment-tool":"cli-firebase"}}
[debug] [2022-12-11T11:15:36.124Z] <<< [apiv2][status] POST https://firebasehosting.googleapis.com/v1beta1/projects/-/sites/melak-project/versions 200
[debug] [2022-12-11T11:15:36.124Z] <<< [apiv2][body] POST https://firebasehosting.googleapis.com/v1beta1/projects/-/sites/melak-project/versions {"name":"projects/194108084647/sites/melak-project/versions/8e3ef44172b02078","status":"CREATED","config":{},"labels":{"deployment-tool":"cli-firebase"}}
[info] i  hosting[melak-project]: beginning deploy... 
[info] i  hosting[melak-project]: found 14 files in build 
[debug] [2022-12-11T11:15:53.007Z] [hosting] uploading with 200 concurrency
[debug] [2022-12-11T11:15:53.008Z] [hosting] hash cache [YnVpbGQ] not populated
[debug] [2022-12-11T11:15:53.303Z] [hosting] hash cache [YnVpbGQ] stored for 14 files
[debug] [2022-12-11T11:15:53.304Z] [hosting][hash queue][FINAL] {"max":273,"min":24,"avg":53,"active":0,"complete":14,"success":14,"errored":0,"retried":0,"total":14,"elapsed":294}
[debug] [2022-12-11T11:15:53.304Z] >>> [apiv2][query] POST https://firebasehosting.googleapis.com/v1beta1/projects/194108084647/sites/melak-project/versions/8e3ef44172b02078:populateFiles [none]
[debug] [2022-12-11T11:15:53.305Z] >>> [apiv2][body] POST https://firebasehosting.googleapis.com/v1beta1/projects/194108084647/sites/melak-project/versions/8e3ef44172b02078:populateFiles {"files":{"/asset-manifest.json":"76e9af0fd8356a36b3c52a145c5c4981c86ae2907fe49a8f778453a6c5563b9a","/manifest.json":"aff3449bdc238776f5d6d967f19ec491b36aed5fb7f23ccff6500736fd58494a","/favicon.ico":"eae62e993eb980ec8a25058c39d5a51feab118bd2100c4deebb2a9c158ec11f9","/logo192.png":"3ee59515172ee198f3be375979df15ac5345183e656720a381b8872b2a39dc8b","/robots.txt":"bfe106a3fb878dc83461c86818bf74fc1bdc7f28538ba613cd3e775516ce8b49","/logo512.png":"ee7e2f3fdb8209c4b6fd7bef6ba50d1b9dba30a25bb5c3126df057e1cb6f5331","/static/js/787.e0ef34e1.chunk.js":"fd1b79afbbf7a3dc13fd702169fcceebb04d3af483a9ca7097ee46e119436a9b","/static/js/787.e0ef34e1.chunk.js.map":"cbc5647ddc7ed6ff608546a35db91d40feb2960eb4106adefda9aab16d19a1bf","/static/js/main.51f825b4.js.LICENSE.txt":"a1e10079e8155bc5525d13d0464e64acbd892cb93e51621cce5f31f1c4cc8fe3","/index.html":"4d8abcd15eb922c17c7b3aeb22c17733f54f0e6954e4c61917113c18f684d464","/static/css/main.8715d3db.css":"523d032aa2a872c3bae15af0d162b46e0b1bab9036cd125311a8daaa008b543c","/static/js/main.51f825b4.js":"b997c1c7d47928900399b8ca29b69166466f54260d1acc4e7d3e8f3557d03637","/static/css/main.8715d3db.css.map":"0e98a69944444ff9f0841be302d9571f138c2a4757b8d64717992c9a6032e829","/static/js/main.51f825b4.js.map":"43e1486c4446b78fe11bd068133c0770febd5c19ffbb0e7996e69b07f8dd4869"}}
[debug] [2022-12-11T11:15:55.186Z] <<< [apiv2][status] POST https://firebasehosting.googleapis.com/v1beta1/projects/194108084647/sites/melak-project/versions/8e3ef44172b02078:populateFiles 200
[debug] [2022-12-11T11:15:55.187Z] <<< [apiv2][body] POST https://firebasehosting.googleapis.com/v1beta1/projects/194108084647/sites/melak-project/versions/8e3ef44172b02078:populateFiles {"uploadRequiredHashes":["76e9af0fd8356a36b3c52a145c5c4981c86ae2907fe49a8f778453a6c5563b9a","523d032aa2a872c3bae15af0d162b46e0b1bab9036cd125311a8daaa008b543c","4d8abcd15eb922c17c7b3aeb22c17733f54f0e6954e4c61917113c18f684d464","a1e10079e8155bc5525d13d0464e64acbd892cb93e51621cce5f31f1c4cc8fe3","cbc5647ddc7ed6ff608546a35db91d40feb2960eb4106adefda9aab16d19a1bf","fd1b79afbbf7a3dc13fd702169fcceebb04d3af483a9ca7097ee46e119436a9b","b997c1c7d47928900399b8ca29b69166466f54260d1acc4e7d3e8f3557d03637","ee7e2f3fdb8209c4b6fd7bef6ba50d1b9dba30a25bb5c3126df057e1cb6f5331","0e98a69944444ff9f0841be302d9571f138c2a4757b8d64717992c9a6032e829","eae62e993eb980ec8a25058c39d5a51feab118bd2100c4deebb2a9c158ec11f9","3ee59515172ee198f3be375979df15ac5345183e656720a381b8872b2a39dc8b","43e1486c4446b78fe11bd068133c0770febd5c19ffbb0e7996e69b07f8dd4869","aff3449bdc238776f5d6d967f19ec491b36aed5fb7f23ccff6500736fd58494a","bfe106a3fb878dc83461c86818bf74fc1bdc7f28538ba613cd3e775516ce8b49"],"uploadUrl":"https://upload-firebasehosting.googleapis.com/upload/sites/melak-project/versions/8e3ef44172b02078/files"}
[debug] [2022-12-11T11:15:55.190Z] >>> [apiv2][query] POST https://upload-firebasehosting.googleapis.com/upload/sites/melak-project/versions/8e3ef44172b02078/files/76e9af0fd8356a36b3c52a145c5c4981c86ae2907fe49a8f778453a6c5563b9a [none]
[debug] [2022-12-11T11:15:55.191Z] >>> [apiv2][body] POST https://upload-firebasehosting.googleapis.com/upload/sites/melak-project/versions/8e3ef44172b02078/files/76e9af0fd8356a36b3c52a145c5c4981c86ae2907fe49a8f778453a6c5563b9a [stream]
[debug] [2022-12-11T11:15:55.194Z] >>> [apiv2][query] POST https://upload-firebasehosting.googleapis.com/upload/sites/melak-project/versions/8e3ef44172b02078/files/523d032aa2a872c3bae15af0d162b46e0b1bab9036cd125311a8daaa008b543c [none]
[debug] [2022-12-11T11:15:55.194Z] >>> [apiv2][body] POST https://upload-firebasehosting.googleapis.com/upload/sites/melak-project/versions/8e3ef44172b02078/files/523d032aa2a872c3bae15af0d162b46e0b1bab9036cd125311a8daaa008b543c [stream]
[debug] [2022-12-11T11:15:55.196Z] >>> [apiv2][query] POST https://upload-firebasehosting.googleapis.com/upload/sites/melak-project/versions/8e3ef44172b02078/files/4d8abcd15eb922c17c7b3aeb22c17733f54f0e6954e4c61917113c18f684d464 [none]
[debug] [2022-12-11T11:15:55.197Z] >>> [apiv2][body] POST https://upload-firebasehosting.googleapis.com/upload/sites/melak-project/versions/8e3ef44172b02078/files/4d8abcd15eb922c17c7b3aeb22c17733f54f0e6954e4c61917113c18f684d464 [stream]
[debug] [2022-12-11T11:15:55.198Z] >>> [apiv2][query] POST https://upload-firebasehosting.googleapis.com/upload/sites/melak-project/versions/8e3ef44172b02078/files/a1e10079e8155bc5525d13d0464e64acbd892cb93e51621cce5f31f1c4cc8fe3 [none]
[debug] [2022-12-11T11:15:55.199Z] >>> [apiv2][body] POST https://upload-firebasehosting.googleapis.com/upload/sites/melak-project/versions/8e3ef44172b02078/files/a1e10079e8155bc5525d13d0464e64acbd892cb93e51621cce5f31f1c4cc8fe3 [stream]
[debug] [2022-12-11T11:15:55.200Z] >>> [apiv2][query] POST https://upload-firebasehosting.googleapis.com/upload/sites/melak-project/versions/8e3ef44172b02078/files/cbc5647ddc7ed6ff608546a35db91d40feb2960eb4106adefda9aab16d19a1bf [none]
[debug] [2022-12-11T11:15:55.201Z] >>> [apiv2][body] POST https://upload-firebasehosting.googleapis.com/upload/sites/melak-project/versions/8e3ef44172b02078/files/cbc5647ddc7ed6ff608546a35db91d40feb2960eb4106adefda9aab16d19a1bf [stream]
[debug] [2022-12-11T11:15:55.203Z] >>> [apiv2][query] POST https://upload-firebasehosting.googleapis.com/upload/sites/melak-project/versions/8e3ef44172b02078/files/fd1b79afbbf7a3dc13fd702169fcceebb04d3af483a9ca7097ee46e119436a9b [none]
[debug] [2022-12-11T11:15:55.203Z] >>> [apiv2][body] POST https://upload-firebasehosting.googleapis.com/upload/sites/melak-project/versions/8e3ef44172b02078/files/fd1b79afbbf7a3dc13fd702169fcceebb04d3af483a9ca7097ee46e119436a9b [stream]
[debug] [2022-12-11T11:15:55.205Z] >>> [apiv2][query] POST https://upload-firebasehosting.googleapis.com/upload/sites/melak-project/versions/8e3ef44172b02078/files/b997c1c7d47928900399b8ca29b69166466f54260d1acc4e7d3e8f3557d03637 [none]
[debug] [2022-12-11T11:15:55.205Z] >>> [apiv2][body] POST https://upload-firebasehosting.googleapis.com/upload/sites/melak-project/versions/8e3ef44172b02078/files/b997c1c7d47928900399b8ca29b69166466f54260d1acc4e7d3e8f3557d03637 [stream]
[debug] [2022-12-11T11:15:55.207Z] >>> [apiv2][query] POST https://upload-firebasehosting.googleapis.com/upload/sites/melak-project/versions/8e3ef44172b02078/files/ee7e2f3fdb8209c4b6fd7bef6ba50d1b9dba30a25bb5c3126df057e1cb6f5331 [none]
[debug] [2022-12-11T11:15:55.207Z] >>> [apiv2][body] POST https://upload-firebasehosting.googleapis.com/upload/sites/melak-project/versions/8e3ef44172b02078/files/ee7e2f3fdb8209c4b6fd7bef6ba50d1b9dba30a25bb5c3126df057e1cb6f5331 [stream]
[debug] [2022-12-11T11:15:55.208Z] >>> [apiv2][query] POST https://upload-firebasehosting.googleapis.com/upload/sites/melak-project/versions/8e3ef44172b02078/files/0e98a69944444ff9f0841be302d9571f138c2a4757b8d64717992c9a6032e829 [none]
[debug] [2022-12-11T11:15:55.208Z] >>> [apiv2][body] POST https://upload-firebasehosting.googleapis.com/upload/sites/melak-project/versions/8e3ef44172b02078/files/0e98a69944444ff9f0841be302d9571f138c2a4757b8d64717992c9a6032e829 [stream]
[debug] [2022-12-11T11:15:55.212Z] >>> [apiv2][query] POST https://upload-firebasehosting.googleapis.com/upload/sites/melak-project/versions/8e3ef44172b02078/files/eae62e993eb980ec8a25058c39d5a51feab118bd2100c4deebb2a9c158ec11f9 [none]
[debug] [2022-12-11T11:15:55.212Z] >>> [apiv2][body] POST https://upload-firebasehosting.googleapis.com/upload/sites/melak-project/versions/8e3ef44172b02078/files/eae62e993eb980ec8a25058c39d5a51feab118bd2100c4deebb2a9c158ec11f9 [stream]
[debug] [2022-12-11T11:15:55.215Z] >>> [apiv2][query] POST https://upload-firebasehosting.googleapis.com/upload/sites/melak-project/versions/8e3ef44172b02078/files/3ee59515172ee198f3be375979df15ac5345183e656720a381b8872b2a39dc8b [none]
[debug] [2022-12-11T11:15:55.215Z] >>> [apiv2][body] POST https://upload-firebasehosting.googleapis.com/upload/sites/melak-project/versions/8e3ef44172b02078/files/3ee59515172ee198f3be375979df15ac5345183e656720a381b8872b2a39dc8b [stream]
[debug] [2022-12-11T11:15:55.216Z] >>> [apiv2][query] POST https://upload-firebasehosting.googleapis.com/upload/sites/melak-project/versions/8e3ef44172b02078/files/43e1486c4446b78fe11bd068133c0770febd5c19ffbb0e7996e69b07f8dd4869 [none]
[debug] [2022-12-11T11:15:55.216Z] >>> [apiv2][body] POST https://upload-firebasehosting.googleapis.com/upload/sites/melak-project/versions/8e3ef44172b02078/files/43e1486c4446b78fe11bd068133c0770febd5c19ffbb0e7996e69b07f8dd4869 [stream]
[debug] [2022-12-11T11:15:55.218Z] >>> [apiv2][query] POST https://upload-firebasehosting.googleapis.com/upload/sites/melak-project/versions/8e3ef44172b02078/files/aff3449bdc238776f5d6d967f19ec491b36aed5fb7f23ccff6500736fd58494a [none]
[debug] [2022-12-11T11:15:55.218Z] >>> [apiv2][body] POST https://upload-firebasehosting.googleapis.com/upload/sites/melak-project/versions/8e3ef44172b02078/files/aff3449bdc238776f5d6d967f19ec491b36aed5fb7f23ccff6500736fd58494a [stream]
[debug] [2022-12-11T11:15:55.220Z] >>> [apiv2][query] POST https://upload-firebasehosting.googleapis.com/upload/sites/melak-project/versions/8e3ef44172b02078/files/bfe106a3fb878dc83461c86818bf74fc1bdc7f28538ba613cd3e775516ce8b49 [none]
[debug] [2022-12-11T11:15:55.220Z] >>> [apiv2][body] POST https://upload-firebasehosting.googleapis.com/upload/sites/melak-project/versions/8e3ef44172b02078/files/bfe106a3fb878dc83461c86818bf74fc1bdc7f28538ba613cd3e775516ce8b49 [stream]
[debug] [2022-12-11T11:15:55.222Z] [hosting][populate queue][FINAL] {"max":1896,"min":1896,"avg":1896,"active":0,"complete":1,"success":1,"errored":0,"retried":0,"total":1,"elapsed":1928}
[debug] [2022-12-11T11:15:55.222Z] [hosting] uploads queued: 14
[debug] [2022-12-11T11:15:57.709Z] <<< [apiv2][status] POST https://upload-firebasehosting.googleapis.com/upload/sites/melak-project/versions/8e3ef44172b02078/files/fd1b79afbbf7a3dc13fd702169fcceebb04d3af483a9ca7097ee46e119436a9b 200
[debug] [2022-12-11T11:15:57.709Z] <<< [apiv2][body] POST https://upload-firebasehosting.googleapis.com/upload/sites/melak-project/versions/8e3ef44172b02078/files/fd1b79afbbf7a3dc13fd702169fcceebb04d3af483a9ca7097ee46e119436a9b [stream]
[debug] [2022-12-11T11:15:58.182Z] <<< [apiv2][status] POST https://upload-firebasehosting.googleapis.com/upload/sites/melak-project/versions/8e3ef44172b02078/files/eae62e993eb980ec8a25058c39d5a51feab118bd2100c4deebb2a9c158ec11f9 200
[debug] [2022-12-11T11:15:58.183Z] <<< [apiv2][body] POST https://upload-firebasehosting.googleapis.com/upload/sites/melak-project/versions/8e3ef44172b02078/files/eae62e993eb980ec8a25058c39d5a51feab118bd2100c4deebb2a9c158ec11f9 [stream]
[debug] [2022-12-11T11:15:58.187Z] <<< [apiv2][status] POST https://upload-firebasehosting.googleapis.com/upload/sites/melak-project/versions/8e3ef44172b02078/files/cbc5647ddc7ed6ff608546a35db91d40feb2960eb4106adefda9aab16d19a1bf 200
[debug] [2022-12-11T11:15:58.188Z] <<< [apiv2][body] POST https://upload-firebasehosting.googleapis.com/upload/sites/melak-project/versions/8e3ef44172b02078/files/cbc5647ddc7ed6ff608546a35db91d40feb2960eb4106adefda9aab16d19a1bf [stream]
[debug] [2022-12-11T11:15:58.190Z] <<< [apiv2][status] POST https://upload-firebasehosting.googleapis.com/upload/sites/melak-project/versions/8e3ef44172b02078/files/3ee59515172ee198f3be375979df15ac5345183e656720a381b8872b2a39dc8b 200
[debug] [2022-12-11T11:15:58.191Z] <<< [apiv2][body] POST https://upload-firebasehosting.googleapis.com/upload/sites/melak-project/versions/8e3ef44172b02078/files/3ee59515172ee198f3be375979df15ac5345183e656720a381b8872b2a39dc8b [stream]
[debug] [2022-12-11T11:15:58.261Z] <<< [apiv2][status] POST https://upload-firebasehosting.googleapis.com/upload/sites/melak-project/versions/8e3ef44172b02078/files/76e9af0fd8356a36b3c52a145c5c4981c86ae2907fe49a8f778453a6c5563b9a 200
[debug] [2022-12-11T11:15:58.262Z] <<< [apiv2][body] POST https://upload-firebasehosting.googleapis.com/upload/sites/melak-project/versions/8e3ef44172b02078/files/76e9af0fd8356a36b3c52a145c5c4981c86ae2907fe49a8f778453a6c5563b9a [stream]
[debug] [2022-12-11T11:15:58.264Z] <<< [apiv2][status] POST https://upload-firebasehosting.googleapis.com/upload/sites/melak-project/versions/8e3ef44172b02078/files/ee7e2f3fdb8209c4b6fd7bef6ba50d1b9dba30a25bb5c3126df057e1cb6f5331 200
[debug] [2022-12-11T11:15:58.265Z] <<< [apiv2][body] POST https://upload-firebasehosting.googleapis.com/upload/sites/melak-project/versions/8e3ef44172b02078/files/ee7e2f3fdb8209c4b6fd7bef6ba50d1b9dba30a25bb5c3126df057e1cb6f5331 [stream]
[debug] [2022-12-11T11:15:58.378Z] <<< [apiv2][status] POST https://upload-firebasehosting.googleapis.com/upload/sites/melak-project/versions/8e3ef44172b02078/files/4d8abcd15eb922c17c7b3aeb22c17733f54f0e6954e4c61917113c18f684d464 200
[debug] [2022-12-11T11:15:58.378Z] <<< [apiv2][body] POST https://upload-firebasehosting.googleapis.com/upload/sites/melak-project/versions/8e3ef44172b02078/files/4d8abcd15eb922c17c7b3aeb22c17733f54f0e6954e4c61917113c18f684d464 [stream]
[debug] [2022-12-11T11:15:58.616Z] <<< [apiv2][status] POST https://upload-firebasehosting.googleapis.com/upload/sites/melak-project/versions/8e3ef44172b02078/files/a1e10079e8155bc5525d13d0464e64acbd892cb93e51621cce5f31f1c4cc8fe3 200
[debug] [2022-12-11T11:15:58.617Z] <<< [apiv2][body] POST https://upload-firebasehosting.googleapis.com/upload/sites/melak-project/versions/8e3ef44172b02078/files/a1e10079e8155bc5525d13d0464e64acbd892cb93e51621cce5f31f1c4cc8fe3 [stream]
[debug] [2022-12-11T11:15:58.621Z] <<< [apiv2][status] POST https://upload-firebasehosting.googleapis.com/upload/sites/melak-project/versions/8e3ef44172b02078/files/bfe106a3fb878dc83461c86818bf74fc1bdc7f28538ba613cd3e775516ce8b49 200
[debug] [2022-12-11T11:15:58.621Z] <<< [apiv2][body] POST https://upload-firebasehosting.googleapis.com/upload/sites/melak-project/versions/8e3ef44172b02078/files/bfe106a3fb878dc83461c86818bf74fc1bdc7f28538ba613cd3e775516ce8b49 [stream]
[debug] [2022-12-11T11:15:58.796Z] <<< [apiv2][status] POST https://upload-firebasehosting.googleapis.com/upload/sites/melak-project/versions/8e3ef44172b02078/files/aff3449bdc238776f5d6d967f19ec491b36aed5fb7f23ccff6500736fd58494a 200
[debug] [2022-12-11T11:15:58.797Z] <<< [apiv2][body] POST https://upload-firebasehosting.googleapis.com/upload/sites/melak-project/versions/8e3ef44172b02078/files/aff3449bdc238776f5d6d967f19ec491b36aed5fb7f23ccff6500736fd58494a [stream]
[debug] [2022-12-11T11:15:59.584Z] <<< [apiv2][status] POST https://upload-firebasehosting.googleapis.com/upload/sites/melak-project/versions/8e3ef44172b02078/files/523d032aa2a872c3bae15af0d162b46e0b1bab9036cd125311a8daaa008b543c 200
[debug] [2022-12-11T11:15:59.585Z] <<< [apiv2][body] POST https://upload-firebasehosting.googleapis.com/upload/sites/melak-project/versions/8e3ef44172b02078/files/523d032aa2a872c3bae15af0d162b46e0b1bab9036cd125311a8daaa008b543c [stream]
[debug] [2022-12-11T11:16:00.134Z] <<< [apiv2][status] POST https://upload-firebasehosting.googleapis.com/upload/sites/melak-project/versions/8e3ef44172b02078/files/b997c1c7d47928900399b8ca29b69166466f54260d1acc4e7d3e8f3557d03637 200
[debug] [2022-12-11T11:16:00.134Z] <<< [apiv2][body] POST https://upload-firebasehosting.googleapis.com/upload/sites/melak-project/versions/8e3ef44172b02078/files/b997c1c7d47928900399b8ca29b69166466f54260d1acc4e7d3e8f3557d03637 [stream]
[debug] [2022-12-11T11:16:01.018Z] <<< [apiv2][status] POST https://upload-firebasehosting.googleapis.com/upload/sites/melak-project/versions/8e3ef44172b02078/files/0e98a69944444ff9f0841be302d9571f138c2a4757b8d64717992c9a6032e829 200
[debug] [2022-12-11T11:16:01.019Z] <<< [apiv2][body] POST https://upload-firebasehosting.googleapis.com/upload/sites/melak-project/versions/8e3ef44172b02078/files/0e98a69944444ff9f0841be302d9571f138c2a4757b8d64717992c9a6032e829 [stream]
[debug] [2022-12-11T11:16:05.345Z] <<< [apiv2][status] POST https://upload-firebasehosting.googleapis.com/upload/sites/melak-project/versions/8e3ef44172b02078/files/43e1486c4446b78fe11bd068133c0770febd5c19ffbb0e7996e69b07f8dd4869 200
[debug] [2022-12-11T11:16:05.345Z] <<< [apiv2][body] POST https://upload-firebasehosting.googleapis.com/upload/sites/melak-project/versions/8e3ef44172b02078/files/43e1486c4446b78fe11bd068133c0770febd5c19ffbb0e7996e69b07f8dd4869 [stream]
[debug] [2022-12-11T11:16:05.345Z] [hosting][upload queue][FINAL] {"max":10155,"min":2521,"avg":4046.714285714286,"active":0,"complete":14,"success":14,"errored":0,"retried":0,"total":14,"elapsed":10158}
[info] +  hosting[melak-project]: file upload complete 
[debug] [2022-12-11T11:16:05.346Z] [hosting] deploy completed after 12366ms
[debug] [2022-12-11T11:16:05.350Z] [
  {
    "config": {
      "public": "build",
      "ignore": [
        "firebase.json",
        "**/.*",
        "**/node_modules/**"
      ],
      "rewrites": [
        {
          "source": "**",
          "destination": "/index.html"
        }
      ],
      "site": "melak-project"
    },
    "version": "projects/194108084647/sites/melak-project/versions/8e3ef44172b02078"
  }
]
[info] i  hosting[melak-project]: finalizing version... 
[debug] [2022-12-11T11:16:05.355Z] >>> [apiv2][query] PATCH https://firebasehosting.googleapis.com/v1beta1/projects/-/sites/melak-project/versions/8e3ef44172b02078 updateMask=status%2Cconfig
[debug] [2022-12-11T11:16:05.355Z] >>> [apiv2][body] PATCH https://firebasehosting.googleapis.com/v1beta1/projects/-/sites/melak-project/versions/8e3ef44172b02078 {"status":"FINALIZED","config":{"rewrites":[{"glob":"**","path":"/index.html"}]}}
[debug] [2022-12-11T11:16:07.123Z] <<< [apiv2][status] PATCH https://firebasehosting.googleapis.com/v1beta1/projects/-/sites/melak-project/versions/8e3ef44172b02078 200
[debug] [2022-12-11T11:16:07.123Z] <<< [apiv2][body] PATCH https://firebasehosting.googleapis.com/v1beta1/projects/-/sites/melak-project/versions/8e3ef44172b02078 {"name":"projects/194108084647/sites/melak-project/versions/8e3ef44172b02078","status":"FINALIZED","config":{"rewrites":[{"glob":"**","path":"/index.html"}]},"labels":{"deployment-tool":"cli-firebase"},"createTime":"2022-12-11T11:15:34.796733Z","createUser":{"email":"melakuabebe495@gmail.com"},"finalizeTime":"2022-12-11T11:16:06.679048Z","finalizeUser":{"email":"melakuabebe495@gmail.com"}}
[debug] [2022-12-11T11:16:07.123Z] [hosting] finalized version for melak-project:[object Object]
[info] +  hosting[melak-project]: version finalized 
[info] i  hosting[melak-project]: releasing new version... 
[debug] [2022-12-11T11:16:07.126Z] >>> [apiv2][query] POST https://firebasehosting.googleapis.com/v1beta1/projects/-/sites/melak-project/channels/live/releases versionName=projects%2F194108084647%2Fsites%2Fmelak-project%2Fversions%2F8e3ef44172b02078
[debug] [2022-12-11T11:16:07.126Z] >>> [apiv2][body] POST https://firebasehosting.googleapis.com/v1beta1/projects/-/sites/melak-project/channels/live/releases {}
[debug] [2022-12-11T11:16:09.079Z] <<< [apiv2][status] POST https://firebasehosting.googleapis.com/v1beta1/projects/-/sites/melak-project/channels/live/releases 200
[debug] [2022-12-11T11:16:09.079Z] <<< [apiv2][body] POST https://firebasehosting.googleapis.com/v1beta1/projects/-/sites/melak-project/channels/live/releases {"name":"projects/194108084647/sites/melak-project/channels/live/releases/1670757367921227","version":{"name":"projects/194108084647/sites/melak-project/versions/8e3ef44172b02078","status":"FINALIZED","config":{"rewrites":[{"glob":"**","path":"/index.html"}]},"labels":{"deployment-tool":"cli-firebase"},"createTime":"2022-12-11T11:15:34.796733Z","createUser":{"email":"melakuabebe495@gmail.com","imageUrl":"https://lh3.googleusercontent.com/a/AEdFTp53wlyblvE2VkflSNDMKvofnkaZJjnWQBlTpBIZ5w"},"finalizeTime":"2022-12-11T11:16:06.679048Z","finalizeUser":{"email":"melakuabebe495@gmail.com","imageUrl":"https://lh3.googleusercontent.com/a/AEdFTp53wlyblvE2VkflSNDMKvofnkaZJjnWQBlTpBIZ5w"}},"type":"DEPLOY","releaseTime":"2022-12-11T11:16:07.921227896Z","releaseUser":{"email":"melakuabebe495@gmail.com","imageUrl":"https://lh3.googleusercontent.com/a/AEdFTp53wlyblvE2VkflSNDMKvofnkaZJjnWQBlTpBIZ5w"}}
[debug] [2022-12-11T11:16:09.079Z] [hosting] release: {"name":"projects/194108084647/sites/melak-project/channels/live/releases/1670757367921227","version":{"name":"projects/194108084647/sites/melak-project/versions/8e3ef44172b02078","status":"FINALIZED","config":{"rewrites":[{"glob":"**","path":"/index.html"}]},"labels":{"deployment-tool":"cli-firebase"},"createTime":"2022-12-11T11:15:34.796733Z","createUser":{"email":"melakuabebe495@gmail.com","imageUrl":"https://lh3.googleusercontent.com/a/AEdFTp53wlyblvE2VkflSNDMKvofnkaZJjnWQBlTpBIZ5w"},"finalizeTime":"2022-12-11T11:16:06.679048Z","finalizeUser":{"email":"melakuabebe495@gmail.com","imageUrl":"https://lh3.googleusercontent.com/a/AEdFTp53wlyblvE2VkflSNDMKvofnkaZJjnWQBlTpBIZ5w"}},"type":"DEPLOY","releaseTime":"2022-12-11T11:16:07.921227896Z","releaseUser":{"email":"melakuabebe495@gmail.com","imageUrl":"https://lh3.googleusercontent.com/a/AEdFTp53wlyblvE2VkflSNDMKvofnkaZJjnWQBlTpBIZ5w"}}
[info] +  hosting[melak-project]: release complete 
[info] 
[info] +  Deploy complete! 
[info] 
[info] Project Console: https://console.firebase.google.com/project/melak-project/overview
[info] Hosting URL: https://melak-project.web.app
[debug] [2022-12-11T11:16:32.999Z] Error: Timed out.
    at Timeout._onTimeout (C:\Users\melaku\AppData\Roaming\npm\node_modules\firebase-tools\lib\utils.js:253:49)
    at listOnTimeout (node:internal/timers:564:17)
    at process.processTimers (node:internal/timers:507:7)
[error] 
[error] Error: An unexpected error has occurred.
